I, [2020-11-27T08:51:03.557920 #80521]  INFO -- : Starting DummyApiController generate_load method, uuid: 00e5c1de-baef-47b5-8608-74b16893ee4f, at: 1606447263557.896
I, [2020-11-27T08:51:03.561249 #80521]  INFO -- : Completing DummyApiController generate_load method, uuid: 00e5c1de-baef-47b5-8608-74b16893ee4f, at: 1606447263561.2349, resp_time: 3.3388671875
I, [2020-11-27T08:51:04.465242 #80529]  INFO -- : Starting Manager perform method, uuid: 00e5c1de-baef-47b5-8608-74b16893ee4f, at: 1606447264465.214
I, [2020-11-27T08:51:04.467122 #80529]  INFO -- : Completing Manager perform method, uuid: 00e5c1de-baef-47b5-8608-74b16893ee4f, at: 1606447264467.1072, p_time: 1.89306640625
I, [2020-11-27T08:51:05.435209 #80529]  INFO -- : Starting Processor perform method, uuid: 00e5c1de-baef-47b5-8608-74b16893ee4f, at: 1606447265435.188
I, [2020-11-27T08:51:05.540540 #80529]  INFO -- : Completing Processor perform method, uuid: 00e5c1de-baef-47b5-8608-74b16893ee4f, at: 1606447265540.4702, p_time: 105.2822265625
I, [2020-12-14T17:35:21.642666 #43029]  INFO -- : Starting Manager perform method, uuid: ea4ee3ad-bb20-4490-aef5-43e7127ee996, at: 1607952921642.651
I, [2020-12-14T17:35:21.695982 #43029]  INFO -- : Completing Manager perform method, uuid: ea4ee3ad-bb20-4490-aef5-43e7127ee996, at: 1607952921695.947, p_time: 53.296142578125
I, [2020-12-14T17:35:22.631893 #43029]  INFO -- : Starting Processor perform method, uuid: ea4ee3ad-bb20-4490-aef5-43e7127ee996, at: 1607952922631.8801
I, [2020-12-14T17:35:22.733807 #43029]  INFO -- : Completing Processor perform method, uuid: ea4ee3ad-bb20-4490-aef5-43e7127ee996, at: 1607952922733.781, p_time: 101.90087890625
I, [2020-12-14T17:35:43.904165 #43013]  INFO -- : Starting DummyApiController generate_load method, uuid: 8a25fd76-0817-4cd4-8434-69c7f75096b6, at: 1607952943904.151
I, [2020-12-14T17:35:43.920019 #43013]  INFO -- : Completing DummyApiController generate_load method, uuid: 8a25fd76-0817-4cd4-8434-69c7f75096b6, at: 1607952943919.986, resp_time: 15.835205078125
I, [2020-12-14T17:35:44.907301 #43029]  INFO -- : Starting Manager perform method, uuid: 8a25fd76-0817-4cd4-8434-69c7f75096b6, at: 1607952944907.2903
I, [2020-12-14T17:35:44.909321 #43029]  INFO -- : Completing Manager perform method, uuid: 8a25fd76-0817-4cd4-8434-69c7f75096b6, at: 1607952944909.3079, p_time: 2.017578125
I, [2020-12-14T17:35:45.824735 #43029]  INFO -- : Starting Processor perform method, uuid: 8a25fd76-0817-4cd4-8434-69c7f75096b6, at: 1607952945824.436
I, [2020-12-14T17:35:45.929399 #43029]  INFO -- : Completing Processor perform method, uuid: 8a25fd76-0817-4cd4-8434-69c7f75096b6, at: 1607952945929.3591, p_time: 104.923095703125
I, [2020-12-14T17:42:29.324429 #43328]  INFO -- : Starting DummyApiController generate_load method, uuid: 8123467d-c4c8-43db-8053-14ff36089e88, at: 1607953349324.4119
I, [2020-12-14T17:42:29.338125 #43328]  INFO -- : Completing DummyApiController generate_load method, uuid: 8123467d-c4c8-43db-8053-14ff36089e88, at: 1607953349338.102, resp_time: 13.690185546875
I, [2020-12-14T17:42:30.309269 #43330]  INFO -- : Starting Manager perform method, uuid: 8123467d-c4c8-43db-8053-14ff36089e88, at: 1607953350309.252
I, [2020-12-14T17:42:30.310875 #43330]  INFO -- : Completing Manager perform method, uuid: 8123467d-c4c8-43db-8053-14ff36089e88, at: 1607953350310.859, p_time: 1.60693359375
I, [2020-12-14T17:42:31.376732 #43330]  INFO -- : Starting Processor perform method, uuid: 8123467d-c4c8-43db-8053-14ff36089e88, at: 1607953351376.7148
I, [2020-12-14T17:42:31.481734 #43330]  INFO -- : Completing Processor perform method, uuid: 8123467d-c4c8-43db-8053-14ff36089e88, at: 1607953351481.688, p_time: 104.97314453125
I, [2020-12-14T17:42:50.452198 #43328]  INFO -- : Starting DummyApiController generate_load method, uuid: 231de500-720f-4010-9987-8fa1dd29fb03, at: 1607953370452.165
I, [2020-12-14T17:42:50.454124 #43328]  INFO -- : Completing DummyApiController generate_load method, uuid: 231de500-720f-4010-9987-8fa1dd29fb03, at: 1607953370454.1099, resp_time: 1.94482421875
I, [2020-12-14T17:42:51.417513 #43330]  INFO -- : Starting Manager perform method, uuid: 231de500-720f-4010-9987-8fa1dd29fb03, at: 1607953371417.503
I, [2020-12-14T17:42:51.419267 #43330]  INFO -- : Completing Manager perform method, uuid: 231de500-720f-4010-9987-8fa1dd29fb03, at: 1607953371419.251, p_time: 1.748046875
I, [2020-12-14T17:42:52.522939 #43330]  INFO -- : Starting Processor perform method, uuid: 231de500-720f-4010-9987-8fa1dd29fb03, at: 1607953372522.9282
I, [2020-12-14T17:42:52.627590 #43330]  INFO -- : Completing Processor perform method, uuid: 231de500-720f-4010-9987-8fa1dd29fb03, at: 1607953372627.5652, p_time: 104.636962890625
I, [2020-12-14T17:43:00.586019 #43328]  INFO -- : Starting DummyApiController generate_load method, uuid: 29b42c68-bf44-492f-a148-4aac9354fe5e, at: 1607953380586.007
I, [2020-12-14T17:43:00.588317 #43328]  INFO -- : Completing DummyApiController generate_load method, uuid: 29b42c68-bf44-492f-a148-4aac9354fe5e, at: 1607953380588.301, resp_time: 2.2939453125
I, [2020-12-14T17:43:01.492065 #43330]  INFO -- : Starting Manager perform method, uuid: 29b42c68-bf44-492f-a148-4aac9354fe5e, at: 1607953381492.055
I, [2020-12-14T17:43:01.499758 #43330]  INFO -- : Completing Manager perform method, uuid: 29b42c68-bf44-492f-a148-4aac9354fe5e, at: 1607953381499.746, p_time: 7.691162109375
I, [2020-12-14T17:43:02.572440 #43330]  INFO -- : Starting Processor perform method, uuid: 29b42c68-bf44-492f-a148-4aac9354fe5e, at: 1607953382572.427
I, [2020-12-14T17:43:02.676287 #43330]  INFO -- : Completing Processor perform method, uuid: 29b42c68-bf44-492f-a148-4aac9354fe5e, at: 1607953382676.23, p_time: 103.802978515625
I, [2020-12-14T17:44:21.971606 #43328]  INFO -- : Starting DummyApiController generate_load method, uuid: a252133c-0b6a-4078-8773-7ad1a41f89cb, at: 1607953461971.594
I, [2020-12-14T17:44:21.985511 #43328]  INFO -- : Completing DummyApiController generate_load method, uuid: a252133c-0b6a-4078-8773-7ad1a41f89cb, at: 1607953461985.496, resp_time: 13.902099609375
I, [2020-12-14T17:44:22.440774 #43330]  INFO -- : Starting Manager perform method, uuid: a252133c-0b6a-4078-8773-7ad1a41f89cb, at: 1607953462440.762
I, [2020-12-14T17:44:22.447215 #43330]  INFO -- : Completing Manager perform method, uuid: a252133c-0b6a-4078-8773-7ad1a41f89cb, at: 1607953462447.197, p_time: 6.43505859375
I, [2020-12-14T17:44:23.802915 #43330]  INFO -- : Starting Processor perform method, uuid: a252133c-0b6a-4078-8773-7ad1a41f89cb, at: 1607953463802.9011
I, [2020-12-14T17:44:23.904939 #43330]  INFO -- : Completing Processor perform method, uuid: a252133c-0b6a-4078-8773-7ad1a41f89cb, at: 1607953463904.8882, p_time: 101.987060546875
I, [2020-12-14T17:45:16.936220 #43328]  INFO -- : Starting DummyApiController generate_load method, uuid: c5e9d43e-16fd-431f-8e2d-bd6836bed1dd, at: 1607953516936.196
I, [2020-12-14T17:45:16.938659 #43328]  INFO -- : Completing DummyApiController generate_load method, uuid: c5e9d43e-16fd-431f-8e2d-bd6836bed1dd, at: 1607953516938.6409, resp_time: 2.44482421875
I, [2020-12-14T17:45:17.810265 #43330]  INFO -- : Starting Manager perform method, uuid: c5e9d43e-16fd-431f-8e2d-bd6836bed1dd, at: 1607953517810.2542
I, [2020-12-14T17:45:17.814918 #43330]  INFO -- : Completing Manager perform method, uuid: c5e9d43e-16fd-431f-8e2d-bd6836bed1dd, at: 1607953517814.904, p_time: 4.64990234375
I, [2020-12-14T17:45:18.378263 #43330]  INFO -- : Starting Processor perform method, uuid: c5e9d43e-16fd-431f-8e2d-bd6836bed1dd, at: 1607953518378.078
I, [2020-12-14T17:45:18.481702 #43330]  INFO -- : Completing Processor perform method, uuid: c5e9d43e-16fd-431f-8e2d-bd6836bed1dd, at: 1607953518481.618, p_time: 103.5400390625
I, [2020-12-14T17:46:48.425931 #43328]  INFO -- : Starting DummyApiController generate_load method, uuid: 6fba1f78-7b47-4ddb-8ec6-4ffddd799fd6, at: 1607953608425.889
I, [2020-12-14T17:46:48.428412 #43328]  INFO -- : Completing DummyApiController generate_load method, uuid: 6fba1f78-7b47-4ddb-8ec6-4ffddd799fd6, at: 1607953608428.3992, resp_time: 2.51025390625
I, [2020-12-14T17:46:49.314409 #43330]  INFO -- : Starting Manager perform method, uuid: 6fba1f78-7b47-4ddb-8ec6-4ffddd799fd6, at: 1607953609314.386
I, [2020-12-14T17:46:49.316547 #43330]  INFO -- : Completing Manager perform method, uuid: 6fba1f78-7b47-4ddb-8ec6-4ffddd799fd6, at: 1607953609316.519, p_time: 2.133056640625
I, [2020-12-14T17:46:50.679244 #43330]  INFO -- : Starting Processor perform method, uuid: 6fba1f78-7b47-4ddb-8ec6-4ffddd799fd6, at: 1607953610678.9592
I, [2020-12-14T17:46:50.783775 #43330]  INFO -- : Completing Processor perform method, uuid: 6fba1f78-7b47-4ddb-8ec6-4ffddd799fd6, at: 1607953610783.751, p_time: 104.791748046875
